────────────────────────────────────────────────────────────────────────────────
2015 01 1    70µs   138
2015 01 2    17µs   1771
2015 02 1   870µs   1588178
2015 02 2   170µs   3783758
2015 03 1   310µs   2592
2015 03 2   520µs   2360
2015 04 1    15ms   117946
2015 04 2   510ms   3938038
2015 05 1   150µs   236
2015 05 2    80µs   51
2015 06 1    16ms   543903
2015 06 2    15ms   14687245
2015 07 1   2.8ms   956
2015 07 2   5.5ms   40149
2015 08 1   9.6µs   1371
2015 08 2    25µs   2117
2015 09 1   9.7ms   207
2015 09 2   9.7ms   804
2015 10 1    19ms   492982
2015 10 2   270ms   6989950
2015 11 1   580µs   vzbxxyzz
2015 11 2     3ms   vzcaabcc
2015 12 1   530µs   119433
2015 12 2   640µs   68466
2015 13 1   2.9ms   709
2015 13 2    13ms   668
2015 14 1   220µs   2660
2015 14 2    55µs   1256
2015 15 1     1ms   222870
2015 15 2   1.1ms   117936
2015 16 1   800µs   103
2015 16 2   340µs   405
2015 17 1   1.1ms   654
2015 17 2   1.1ms   57
2015 18 1   8.5ms   814
2015 18 2   8.7ms   924
2015 19 1   570µs   535
2015 19 2   8.1ms   212
2015 20 1    13ms   786240
2015 20 2   7.2ms   831600
2015 21 1   230µs   121
2015 21 2   330µs   201
2015 22 1   2.2ms   900
2015 22 2     4ms   1216
2015 23 1    50µs   255
2015 23 2    31µs   334
2015 24 1   180ms   11846773891
2015 24 2   5.9ms   80393059
2015 25 1   210µs   2650453
────────────────────────────────────────────────────────────────────────────────
2015 ** *    1.1s   50 / 50
════════════════════════════════════════════════════════════════════════════════
2016 01 1   2.8µs   252
2016 01 2    55µs   143
2016 02 1    86µs   78985
2016 02 2    89µs   57DD8
2016 03 1    72µs   869
2016 03 2    66µs   1544
2016 04 1   2.8ms   173787
2016 04 2   950µs   548
2016 05 1   970ms   f77a0e6e
2016 05 2    2.8s   999828ec
2016 06 1   120µs   zcreqgiv
2016 06 2   110µs   pljvorrk
2016 07 1   410µs   115
2016 07 2   760µs   231
2016 08 1    39µs   106
2016 08 2    61µs   CFLELOYFCS
2016 09 1   2.3ms   120765
2016 09 2   4.7ms   11658395076
2016 10 1   1.1ms   56
2016 10 2   1.2ms   7847
2016 11 1   8.1ms   37
2016 11 2    23ms   61
2016 12 1   1.8ms   318009
2016 12 2    52ms   9227663
2016 13 1    62µs   90
2016 13 2    25µs   135
2016 14 1    13ms   15168
2016 14 2    5.5s   20864
2016 15 1   220µs   317371
2016 15 2   190µs   2080951
2016 16 1   950ns   10010110010011110
2016 16 2    28ms   01101011101100011
2016 17 1    15µs   RRRLDRDUDD
2016 17 2    47ms   706
2016 18 1     1µs   1987
2016 18 2   840µs   19984714
2016 19 1    23ms   1841611
2016 19 2    20ms   1423634
2016 20 1    99µs   32259706
2016 20 2   110µs   113
2016 21 1    11µs   baecdfgh
2016 21 2    12µs   cegdahbf
2016 22 1   2.1ms   937
2016 22 2   3.3ms   188
2016 23 1    61µs   13468
2016 23 2    60µs   479010028
2016 24 1    18ms   500
2016 24 2    17ms   748
2016 25 1   9.3ms   198
────────────────────────────────────────────────────────────────────────────────
2016 ** *    9.6s   50 / 50
════════════════════════════════════════════════════════════════════════════════
2017 01 1     2µs   1144
2017 01 2   2.2µs   1194
2017 02 1   8.8µs   44887
2017 02 2   8.5µs   242
2017 03 1   160µs   326
2017 03 2    27µs   363010
2017 04 1   430µs   383
2017 04 2   490µs   265
2017 05 1   670µs   342669
2017 05 2    49ms   25136209
2017 06 1   1.7ms   11137
2017 06 2   1.7ms   1037
2017 07 1   1.1ms   bpvhwhh
2017 07 2     1ms   256
2017 08 1   140µs   5946
2017 08 2   270µs   6026
2017 09 1    82µs   21037
2017 09 2    83µs   9495
2017 10 1     3µs   38628
2017 10 2   120µs   e1462100a34221a7f0906da15c1c979a
2017 11 1   130µs   682
2017 11 2   140µs   1406
2017 12 1   450µs   145
2017 12 2   920µs   207
2017 13 1   2.8µs   3184
2017 13 2   7.2ms   3878062
2017 14 1   7.1ms   8106
2017 14 2   9.5ms   1164
2017 15 1   180ms   597
2017 15 2   280ms   303
2017 16 1   340µs   nlciboghjmfdapek
2017 16 2    13ms   nlciboghmkedpfja
2017 17 1    74µs   1487
2017 17 2   190ms   25674054
2017 18 1   9.7µs   3423
2017 18 2   380µs   7493
2017 19 1    98µs   HATBMQJYZ
2017 19 2   100µs   16332
2017 20 1   930µs   243
2017 20 2    10ms   648
2017 21 1   380µs   117
2017 21 2   250ms   2026963
2017 22 1   540µs   5339
2017 22 2   480ms   2512380
2017 23 1    56µs   3025
2017 23 2    41µs   915
2017 24 1    81ms   1656
2017 24 2    71ms   1642
2017 25 1   360ms   3732
────────────────────────────────────────────────────────────────────────────────
2017 ** *      2s   50 / 50
════════════════════════════════════════════════════════════════════════════════
2018 01 1    19µs   470
2018 01 2   7.3ms   790
2018 02 1   110µs   6175
2018 02 2   1.7ms   asgwjcmzredihqoutcylvzinx
2018 03 1     1ms   106501
2018 03 2   3.4ms   632
2018 04 1   430µs   84834
2018 04 2   340µs   53427
2018 05 1   190µs   11310
2018 05 2   6.6ms   6020
2018 06 1   8.2ms   3449
2018 06 2   1.7ms   44868
2018 07 1   140µs   ABGKCMVWYDEHFOPQUILSTNZRJX
2018 07 2   140µs   898
2018 08 1   270µs   42254
2018 08 2   250µs   25007
2018 09 1   350µs   382055
2018 09 2    31ms   3133277384
2018 10 1   3.6ms   FBHKLEAG
2018 10 2   3.7ms   10009
2018 11 1   750µs   20,54
2018 11 2    46ms   233,93,13
2018 12 1    56µs   3405
2018 12 2   410µs   3350000000000
2018 13 1   110µs   41,22
2018 13 2     1ms   84,90
2018 14 1   3.3ms   1631191756
2018 14 2   170ms   20219475
2018 15 1    68ms   239010
2018 15 2   160ms   62468
2018 16 1   530µs   529
2018 16 2   660µs   573
2018 17 1    25ms   38409
2018 17 2    25ms   32288
2018 18 1   300µs   384480
2018 18 2    34ms   177004
2018 19 1    47ms   1350
2018 19 2   5.2ms   15844608
2018 20 1   8.1ms   3810
2018 20 2   7.9ms   8615
2018 21 1    22µs   10846352
2018 21 2    30ms   5244670
2018 22 1   1.4ms   8575
2018 22 2   110ms   999
2018 23 1   620µs   933
2018 23 2   2.2ms   70887840
2018 24 1   590µs   18532
2018 24 2    24ms   6523
2018 25 1     2ms   420
────────────────────────────────────────────────────────────────────────────────
2018 ** *   870ms   50 / 50
════════════════════════════════════════════════════════════════════════════════
2019 01 1   3.1µs   3252897
2019 01 2   3.9µs   4876469
2019 02 1   6.8µs   3562672
2019 02 2   4.5ms   8250
2019 03 1    16ms   5319
2019 03 2    17ms   122514
2019 04 1    19ms   1955
2019 04 2    19ms   1319
2019 05 1    16µs   14155342
2019 05 2    14µs   8684145
2019 06 1    25ms   301100
2019 06 2   360µs   547
2019 07 1   120µs   255590
2019 07 2   340µs   58285150
2019 08 1    24µs   1452
2019 08 2   100µs   PHPEU
2019 09 1    24µs   3989758265
2019 09 2   3.8ms   76791
2019 10 1    11ms   296
2019 10 2    11ms   204
2019 11 1     2ms   2428
2019 11 2   150µs   RJLFBUCU
2019 12 1    77µs   7928
2019 12 2    37ms   518311327635164
2019 13 1   230µs   452
2019 13 2    10ms   21415
2019 14 1    62µs   469536
2019 14 2   2.3ms   3343477
2019 15 1   1.1ms   240
2019 15 2   3.1ms   322
2019 16 1    26ms   94935919
2019 16 2   230ms   24158285
2019 17 1   380µs   3192
2019 17 2     1ms   684691
2019 18 1    87ms   3546
2019 18 2    1.8s   1988
2019 19 1   9.6ms   116
2019 19 2    14ms   10311666
2019 20 1   1.4ms   422
2019 20 2   110ms   5040
2019 21 1   340µs   19353692
2019 21 2   6.1ms   1142048514
2019 22 1    82µs   8775
2019 22 2   140µs   47141544607176
2019 23 1   670µs   17541
2019 23 2   2.5ms   12415
2019 24 1    28µs   27777901
2019 24 2    42ms   2047
2019 25 1   1.4ms   2424308736
────────────────────────────────────────────────────────────────────────────────
2019 ** *    2.5s   50 / 50
════════════════════════════════════════════════════════════════════════════════
2020 01 1   9.8ms   100419
2020 01 2   400ms   265253940
2020 02 1   280µs   393
2020 02 2   460µs   690
2020 03 1    17µs   200
2020 03 2    19µs   3737923200
2020 04 1   170µs   216
2020 04 2   260µs   150
2020 05 1   210µs   901
2020 05 2   220µs   661
2020 06 1   1.1ms   6457
2020 06 2   1.2ms   3260
2020 07 1   6.5ms   272
2020 07 2   3.2ms   172246
2020 08 1    32µs   1797
2020 08 2     1ms   1036
2020 09 1    46µs   3199139634
2020 09 2    80µs   438559930
2020 10 1   5.5µs   2574
2020 10 2    12µs   2644613988352
2020 11 1   9.2ms   2483
2020 11 2    31ms   2285
2020 12 1    19µs   381
2020 12 2    18µs   28591
2020 13 1   2.1µs   5257
2020 13 2     3µs   538703333547789
2020 14 1   270µs   7817357407588
2020 14 2    11ms   4335927555692
2020 15 1    69µs   257
2020 15 2    1.6s   8546398
2020 16 1   270µs   26053
2020 16 2   1.6ms   1515506256421
2020 17 1   6.4ms   213
2020 17 2   160ms   1624
2020 18 1   500µs   11297104473091
2020 18 2   550µs   185348874183674
2020 19 1   4.5ms   118
2020 19 2   690ms   246
2020 20 1    40ms   23497974998093
2020 20 2    43ms   2256
2020 21 1   730µs   2542
2020 21 2   650µs   hkflr,ctmcqjf,bfrq,srxphcm,snmxl,zvx,bd,mqvk
2020 22 1    11µs   31455
2020 22 2   760ms   32528
2020 23 1   4.3µs   38925764
2020 23 2   150ms   131152940564
2020 24 1   490µs   549
2020 24 2   180ms   4147
2020 25 1   5.5ms   7032853
────────────────────────────────────────────────────────────────────────────────
2020 ** *    4.1s   50 / 50
════════════════════════════════════════════════════════════════════════════════
2021 01 1    63µs   1451
2021 01 2    19µs   1395
2021 02 1    31µs   1989265
2021 02 2    31µs   2089174012
2021 03 1   120µs   3895776
2021 03 2   100µs   7928162
2021 04 1   1.2ms   51776
2021 04 2   970µs   16830
2021 05 1   8.9ms   6841
2021 05 2    16ms   19258
2021 06 1    37µs   362740
2021 06 2   110µs   1644874076764
2021 07 1    20µs   344535
2021 07 2    20µs   95581659
2021 08 1   390µs   530
2021 08 2   390µs   1051087
2021 09 1   180µs   580
2021 09 2   630µs   856716
2021 10 1    63µs   323613
2021 10 2    75µs   3103006161
2021 11 1    89µs   1601
2021 11 2   310µs   368
2021 12 1   3.7ms   3497
2021 12 2    96ms   93686
2021 13 1   240µs   842
2021 13 2   390µs   BFKRCJZU
2021 14 1   1.8ms   3213
2021 14 2   1.9ms   3711743744429
2021 15 1   3.2ms   583
2021 15 2    85ms   2927
2021 16 1    53µs   1014
2021 16 2    51µs   1922490999789
2021 17 1   810µs   5671
2021 17 2   820µs   4556
2021 18 1    22ms   3691
2021 18 2   350ms   4756
2021 19 1    33ms   376
2021 19 2    32ms   10772
2021 20 1    11ms   5081
2021 20 2   550ms   15088
2021 21 1   400µs   929625
2021 21 2    18ms   175731756652760
2021 22 1   1.4ms   647062
2021 22 2   1.9ms   1319618626668022
2021 23 1   950ms   13066
2021 23 2      2s   47328
2021 24 1   380µs   99394899891971
2021 24 2   140µs   92171126131911
2021 25 1   220ms   329
────────────────────────────────────────────────────────────────────────────────
2021 ** *    4.4s   50 / 50
════════════════════════════════════════════════════════════════════════════════
2022 01 1    43µs   72240
2022 01 2    46µs   210957
2022 02 1    55µs   11063
2022 02 2    65µs   10349
2022 03 1    35µs   7793
2022 03 2    43µs   2499
2022 04 1   180µs   456
2022 04 2   160µs   808
2022 05 1   130µs   FZCMJCRHZ
2022 05 2   130µs   JSDHQMZGF
2022 06 1    11µs   1702
2022 06 2    34µs   3559
2022 07 1   160µs   1611443
2022 07 2   180µs   2086088
2022 08 1   240µs   1814
2022 08 2   320µs   330786
2022 09 1   650µs   5695
2022 09 2   800µs   2434
2022 10 1    26µs   13680
2022 10 2    49µs   PZGPKPEB
2022 11 1   440µs   117640
2022 11 2   4.9ms   30616425600
2022 12 1   830µs   468
2022 12 2   730µs   459
2022 13 1   1.1ms   5208
2022 13 2   1.3ms   25792
2022 14 1   1.1ms   979
2022 14 2    18ms   29044
2022 15 1   280µs   5838453
2022 15 2   550µs   12413999391794
2022 16 1    24ms   1792
2022 16 2   370ms   2587
2022 17 1   4.3ms   3175
2022 17 2   8.7ms   1555113636385
2022 18 1   960µs   3550
2022 18 2     5ms   2028
2022 19 1    4.3s   1262
2022 19 2    2.1s   37191
2022 20 1    15ms   14888
2022 20 2   150ms   3760092545849
2022 21 1   460µs   291425799367130
2022 21 2   770µs   3219579395609
2022 22 1   2.5ms   117054
2022 22 2     3ms   162096
2022 23 1   7.8ms   3684
2022 23 2   830ms   862
2022 24 1   800ms   308
2022 24 2    2.3s   908
2022 25 1    10µs   20===-20-020=0001-02
────────────────────────────────────────────────────────────────────────────────
2022 ** *     11s   50 / 50
════════════════════════════════════════════════════════════════════════════════
2023 01 1   510µs   55488
2023 01 2   470µs   55614
2023 02 1   140µs   2085
2023 02 2   140µs   79315
2023 03 1   2.4ms   507214
2023 03 2    10ms   72553319
2023 04 1    97µs   21213
2023 04 2   100µs   8549735
2023 05 1    33µs   340994526
2023 05 2    63µs   52210644
2023 06 1   910ns   5133600
2023 06 2   1.6µs   40651271
2023 07 1   480µs   248179786
2023 07 2   450µs   247885995
2023 08 1   570µs   16343
2023 08 2   3.1ms   15299095336639
2023 09 1   220µs   1782868781
2023 09 2   210µs   1057
2023 10 1     3ms   6828
2023 10 2   9.5ms   459
2023 11 1    88µs   10228230
2023 11 2    94µs   447073334102
2023 12 1   2.1ms   7090
2023 12 2    28ms   6792010726878
2023 13 1   110µs   37381
2023 13 2   110µs   28210
2023 14 1   100µs   105003
2023 14 2    42ms   93742
2023 15 1    74µs   520500
2023 15 2   200µs   213097
2023 16 1   2.5ms   7472
2023 16 2   700ms   7716
2023 17 1    95ms   861
2023 17 2   260ms   1037
2023 18 1   120µs   41019
2023 18 2   120µs   96116995735219
2023 19 1   980µs   389114
2023 19 2   1.1ms   125051049836302
2023 20 1   1.9ms   681194780
2023 20 2    30ms   238593356738827
2023 21 1   1.3ms   3639
2023 21 2   110ms   604592315958630
2023 22 1   180ms   490
2023 22 2      1s   96356
2023 23 1    38ms   2174
2023 23 2     11s   6506
2023 24 1    66ms   25433
2023 24 2   9.7µs   885093461440405
2023 25 1      1s   567606
────────────────────────────────────────────────────────────────────────────────
2023 ** *     15s   50 / 50
════════════════════════════════════════════════════════════════════════════════
2024 01 1    53µs   3246517
2024 01 2   120µs   29379307
2024 02 1   160µs   369
2024 02 2   310µs   428
2024 03 1   190µs   183788984
2024 03 2   190µs   62098619
2024 04 1   5.3ms   2462
2024 04 2   780µs   1877
2024 05 1   200µs   5651
2024 05 2   350µs   4743
2024 06 1   1.4ms   5531
2024 06 2    2.8s   2165
2024 07 1   2.1ms   1545311493300
2024 07 2    73ms   169122112716571
2024 08 1    49µs   394
2024 08 2   140µs   1277
2024 09 1   530µs   6301895872542
2024 09 2   120ms   6323761685944
2024 10 1   1.2ms   646
2024 10 2   4.3ms   1494
2024 11 1   490µs   175006
2024 11 2    13ms   207961583799296
2024 12 1    68ms   1483212
2024 12 2    75ms   897062
2024 13 1   100µs   27157
2024 13 2   110µs   104015411578548
2024 14 1   170µs   222062148
2024 14 2   210ms   7520
2024 15 1    35ms   1436690
2024 15 2    69ms   1482350
2024 16 1    20ms   72428
2024 16 2    41ms   456
2024 17 1    67µs   7,5,4,3,4,5,3,4,6
2024 17 2   100µs   164278899142333
2024 18 1   1.4ms   506
2024 18 2   4.9ms   62,6
2024 19 1    31ms   374
2024 19 2    31ms   1100663950563322
2024 20 1   300ms   1263
2024 20 2   680ms   957831
2024 21 1   570µs   238078
2024 21 2   6.1ms   293919502998014
2024 22 1    16ms   12979353889
2024 22 2   480ms   1449
2024 23 1   860µs   1302
2024 23 2   230ms   cb,df,fo,ho,kk,nw,ox,pq,rt,sf,tq,wi,xz
2024 24 1    67µs   51657025112326
2024 24 2    34µs   gbf,hdt,jgt,mht,nbf,z05,z09,z30
2024 25 1   290ms   2586
────────────────────────────────────────────────────────────────────────────────
2024 ** *    5.6s   50 / 50
════════════════════════════════════════════════════════════════════════════════
**** ** *     57s   500 / 500
────────────────────────────────────────────────────────────────────────────────
